<?xml version="1.0" encoding="UTF-8"?>
<!-- Generated by org.testng.reporters.JUnitReportReporter -->
<testsuite hostname="LAPTOP-KB2C97AC" failures="0" tests="2" name="QAAcademy.MavenJava.AppiumTest" time="0.001" errors="0" timestamp="2021-01-14T15:08:30 MST" skipped="0">
  <testcase classname="QAAcademy.MavenJava.AppiumTest" name="IOSApps" time="0.001"/>
  <system-out/>
  <testcase classname="QAAcademy.MavenJava.AppiumTest" name="NativeAPpAndroid" time="0.000"/>
  <system-out/>
</testsuite> <!-- QAAcademy.MavenJava.AppiumTest -->
