<?xml version="1.0" encoding="UTF-8"?>
<!-- Generated by org.testng.reporters.JUnitReportReporter -->
<testsuite hostname="LAPTOP-KB2C97AC" failures="0" tests="1" name="QAAcademy.MavenJava.SeleniumTest" time="0.011" errors="0" timestamp="2021-01-25T22:41:41 MST" skipped="0">
  <testcase classname="QAAcademy.MavenJava.SeleniumTest" name="elementsUi" time="0.011"/>
  <system-out/>
</testsuite> <!-- QAAcademy.MavenJava.SeleniumTest -->
