<?xml version="1.0" encoding="UTF-8"?>
<!-- Generated by org.testng.reporters.JUnitReportReporter -->
<testsuite hostname="LAPTOP-KB2C97AC" failures="0" tests="2" name="QAAcademy.MavenJava.SeleniumTest" time="0.007" errors="0" timestamp="2021-01-14T15:08:30 MST" skipped="0">
  <testcase classname="QAAcademy.MavenJava.SeleniumTest" name="BrowserAUtomation" time="0.006"/>
  <system-out/>
  <testcase classname="QAAcademy.MavenJava.SeleniumTest" name="elementsUi" time="0.001"/>
  <system-out/>
</testsuite> <!-- QAAcademy.MavenJava.SeleniumTest -->
