<?xml version="1.0" encoding="UTF-8"?>
<!-- Generated by org.testng.reporters.JUnitReportReporter -->
<testsuite hostname="LAPTOP-KB2C97AC" failures="0" tests="2" name="QAAcademy.MavenJava.SeleniumTest" time="0.003" errors="0" timestamp="2021-01-14T14:26:46 MST" skipped="0">
  <testcase classname="QAAcademy.MavenJava.SeleniumTest" name="BrowserAUtomation" time="0.003"/>
  <system-out/>
  <testcase classname="QAAcademy.MavenJava.SeleniumTest" name="elementsUi" time="0.000"/>
  <system-out/>
</testsuite> <!-- QAAcademy.MavenJava.SeleniumTest -->
